<?xml version="1.0" encoding="UTF-8"?>
<robot generator="Robot 6.0.2 (Python 3.11.2 on win32)" generated="20230227 03:46:39.816" rpa="false" schemaversion="3">
<suite id="s1" name="Pratica" source="C:\Users\rmora\Desktop\Pessoal Anna\TestesAGRL\DesafioJusta\pratica.robot">
<test id="s1-t1" name="Processo de compra de camisa vermelha na loja Sauce Demo" line="11">
<kw name="Dado que estou no site Saucedemo" library="pratica">
<kw name="Open Browser" library="SeleniumLibrary">
<arg>${SITE}</arg>
<arg>${BROWSER}</arg>
<doc>Opens a new browser instance to the optional ``url``.</doc>
<msg timestamp="20230227 03:46:40.112" level="INFO">Opening browser 'Chrome' to base url 'https://www.saucedemo.com/'.</msg>
<status status="PASS" starttime="20230227 03:46:40.111" endtime="20230227 03:46:43.038"/>
</kw>
<kw name="Maximize Browser Window" library="SeleniumLibrary">
<doc>Maximizes current browser window.</doc>
<status status="PASS" starttime="20230227 03:46:43.038" endtime="20230227 03:46:43.169"/>
</kw>
<kw name="Set Selenium Speed" library="SeleniumLibrary">
<arg>0.75</arg>
<doc>Sets the delay that is waited after each Selenium command.</doc>
<status status="PASS" starttime="20230227 03:46:43.169" endtime="20230227 03:46:43.170"/>
</kw>
<status status="PASS" starttime="20230227 03:46:40.111" endtime="20230227 03:46:43.171"/>
</kw>
<kw name="Quando eu faço login" library="pratica">
<kw name="Input Text" library="SeleniumLibrary">
<arg>${INPUT_USER}</arg>
<arg>${USER}</arg>
<doc>Types the given ``text`` into the text field identified by ``locator``.</doc>
<msg timestamp="20230227 03:46:43.177" level="INFO">Typing text 'standard_user' into text field 'css=#user-name'.</msg>
<status status="PASS" starttime="20230227 03:46:43.173" endtime="20230227 03:46:45.615"/>
</kw>
<kw name="Input Text" library="SeleniumLibrary">
<arg>${INPUT_PASSWORD}</arg>
<arg>${PASSWORD}</arg>
<doc>Types the given ``text`` into the text field identified by ``locator``.</doc>
<msg timestamp="20230227 03:46:45.616" level="INFO">Typing text 'secret_sauce' into text field 'css=#password'.</msg>
<status status="PASS" starttime="20230227 03:46:45.615" endtime="20230227 03:46:47.979"/>
</kw>
<kw name="Wait and Click" library="pratica">
<arg>${BUTTON_LOGIN}</arg>
<kw name="Wait Until Element Is Visible" library="SeleniumLibrary">
<arg>${ELEMENT}</arg>
<doc>Waits until the element ``locator`` is visible.</doc>
<status status="PASS" starttime="20230227 03:46:47.979" endtime="20230227 03:46:49.506"/>
</kw>
<kw name="Click Element" library="SeleniumLibrary">
<arg>${ELEMENT}</arg>
<doc>Click the element identified by ``locator``.</doc>
<msg timestamp="20230227 03:46:49.506" level="INFO">Clicking element 'css=#login-button'.</msg>
<status status="PASS" starttime="20230227 03:46:49.506" endtime="20230227 03:46:51.152"/>
</kw>
<status status="PASS" starttime="20230227 03:46:47.979" endtime="20230227 03:46:51.153"/>
</kw>
<status status="PASS" starttime="20230227 03:46:43.172" endtime="20230227 03:46:51.154"/>
</kw>
<kw name="E seleciono a camisa vermelha e coloco no carrinho" library="pratica">
<kw name="Wait and Click" library="pratica">
<arg>${TSHIRT}</arg>
<kw name="Wait Until Element Is Visible" library="SeleniumLibrary">
<arg>${ELEMENT}</arg>
<doc>Waits until the element ``locator`` is visible.</doc>
<status status="PASS" starttime="20230227 03:46:51.159" endtime="20230227 03:46:52.734"/>
</kw>
<kw name="Click Element" library="SeleniumLibrary">
<arg>${ELEMENT}</arg>
<doc>Click the element identified by ``locator``.</doc>
<msg timestamp="20230227 03:46:52.734" level="INFO">Clicking element 'css=#item_3_title_link &gt; div'.</msg>
<status status="PASS" starttime="20230227 03:46:52.734" endtime="20230227 03:46:54.303"/>
</kw>
<status status="PASS" starttime="20230227 03:46:51.157" endtime="20230227 03:46:54.303"/>
</kw>
<kw name="Wait and Click" library="pratica">
<arg>${ADD_TSHIRT}</arg>
<kw name="Wait Until Element Is Visible" library="SeleniumLibrary">
<arg>${ELEMENT}</arg>
<doc>Waits until the element ``locator`` is visible.</doc>
<status status="PASS" starttime="20230227 03:46:54.305" endtime="20230227 03:46:55.856"/>
</kw>
<kw name="Click Element" library="SeleniumLibrary">
<arg>${ELEMENT}</arg>
<doc>Click the element identified by ``locator``.</doc>
<msg timestamp="20230227 03:46:55.861" level="INFO">Clicking element 'xpath=//*[@id="add-to-cart-test.allthethings()-t-shirt-(red)"]'.</msg>
<status status="PASS" starttime="20230227 03:46:55.857" endtime="20230227 03:46:57.421"/>
</kw>
<status status="PASS" starttime="20230227 03:46:54.304" endtime="20230227 03:46:57.421"/>
</kw>
<status status="PASS" starttime="20230227 03:46:51.156" endtime="20230227 03:46:57.421"/>
</kw>
<kw name="E abro o carrinho e clico em Checkout" library="pratica">
<kw name="Wait and Click" library="pratica">
<arg>${CAR}</arg>
<kw name="Wait Until Element Is Visible" library="SeleniumLibrary">
<arg>${ELEMENT}</arg>
<doc>Waits until the element ``locator`` is visible.</doc>
<status status="PASS" starttime="20230227 03:46:57.422" endtime="20230227 03:46:58.953"/>
</kw>
<kw name="Click Element" library="SeleniumLibrary">
<arg>${ELEMENT}</arg>
<doc>Click the element identified by ``locator``.</doc>
<msg timestamp="20230227 03:46:58.955" level="INFO">Clicking element 'css=#shopping_cart_container &gt; a'.</msg>
<status status="PASS" starttime="20230227 03:46:58.953" endtime="20230227 03:47:00.542"/>
</kw>
<status status="PASS" starttime="20230227 03:46:57.422" endtime="20230227 03:47:00.542"/>
</kw>
<kw name="Wait and Click" library="pratica">
<arg>${CHECKOUT}</arg>
<kw name="Wait Until Element Is Visible" library="SeleniumLibrary">
<arg>${ELEMENT}</arg>
<doc>Waits until the element ``locator`` is visible.</doc>
<status status="PASS" starttime="20230227 03:47:00.543" endtime="20230227 03:47:02.071"/>
</kw>
<kw name="Click Element" library="SeleniumLibrary">
<arg>${ELEMENT}</arg>
<doc>Click the element identified by ``locator``.</doc>
<msg timestamp="20230227 03:47:02.072" level="INFO">Clicking element 'css=#checkout'.</msg>
<status status="PASS" starttime="20230227 03:47:02.071" endtime="20230227 03:47:03.637"/>
</kw>
<status status="PASS" starttime="20230227 03:47:00.542" endtime="20230227 03:47:03.637"/>
</kw>
<status status="PASS" starttime="20230227 03:46:57.421" endtime="20230227 03:47:03.637"/>
</kw>
<kw name="E adiciono os dados para checkout" library="pratica">
<kw name="Input Text" library="SeleniumLibrary">
<arg>${INPUT_NAME}</arg>
<arg>${NAME}</arg>
<doc>Types the given ``text`` into the text field identified by ``locator``.</doc>
<msg timestamp="20230227 03:47:03.639" level="INFO">Typing text 'Anna' into text field 'css=#first-name'.</msg>
<status status="PASS" starttime="20230227 03:47:03.638" endtime="20230227 03:47:06.011"/>
</kw>
<kw name="Input Text" library="SeleniumLibrary">
<arg>${INPUT_LASNAME}</arg>
<arg>${LASTNAME}</arg>
<doc>Types the given ``text`` into the text field identified by ``locator``.</doc>
<msg timestamp="20230227 03:47:06.012" level="INFO">Typing text 'Lopes' into text field 'css=#last-name'.</msg>
<status status="PASS" starttime="20230227 03:47:06.011" endtime="20230227 03:47:08.421"/>
</kw>
<kw name="Input Text" library="SeleniumLibrary">
<arg>${INPUT_ZIP}</arg>
<arg>${ZIPCODE}</arg>
<doc>Types the given ``text`` into the text field identified by ``locator``.</doc>
<msg timestamp="20230227 03:47:08.422" level="INFO">Typing text '06401120' into text field 'css=#postal-code'.</msg>
<status status="PASS" starttime="20230227 03:47:08.421" endtime="20230227 03:47:10.828"/>
</kw>
<kw name="Wait and Click" library="pratica">
<arg>${BUTTON_CONTINUE}</arg>
<kw name="Wait Until Element Is Visible" library="SeleniumLibrary">
<arg>${ELEMENT}</arg>
<doc>Waits until the element ``locator`` is visible.</doc>
<status status="PASS" starttime="20230227 03:47:10.828" endtime="20230227 03:47:12.409"/>
</kw>
<kw name="Click Element" library="SeleniumLibrary">
<arg>${ELEMENT}</arg>
<doc>Click the element identified by ``locator``.</doc>
<msg timestamp="20230227 03:47:12.411" level="INFO">Clicking element 'css=#continue'.</msg>
<status status="PASS" starttime="20230227 03:47:12.409" endtime="20230227 03:47:13.995"/>
</kw>
<status status="PASS" starttime="20230227 03:47:10.828" endtime="20230227 03:47:13.996"/>
</kw>
<status status="PASS" starttime="20230227 03:47:03.638" endtime="20230227 03:47:13.996"/>
</kw>
<kw name="Então finalizo a compra" library="pratica">
<kw name="Wait and Click" library="pratica">
<arg>${BUTTON_FINISH}</arg>
<kw name="Wait Until Element Is Visible" library="SeleniumLibrary">
<arg>${ELEMENT}</arg>
<doc>Waits until the element ``locator`` is visible.</doc>
<status status="PASS" starttime="20230227 03:47:14.005" endtime="20230227 03:47:15.553"/>
</kw>
<kw name="Click Element" library="SeleniumLibrary">
<arg>${ELEMENT}</arg>
<doc>Click the element identified by ``locator``.</doc>
<msg timestamp="20230227 03:47:15.555" level="INFO">Clicking element 'css=#finish'.</msg>
<status status="PASS" starttime="20230227 03:47:15.554" endtime="20230227 03:47:17.146"/>
</kw>
<status status="PASS" starttime="20230227 03:47:14.004" endtime="20230227 03:47:17.146"/>
</kw>
<kw name="Element Should Contain" library="SeleniumLibrary">
<arg>${VALIDATION}</arg>
<arg>${MESSAGE}</arg>
<doc>Verifies that element ``locator`` contains text ``expected``.</doc>
<msg timestamp="20230227 03:47:18.679" level="INFO">Element 'css=#checkout_complete_container &gt; h2' contains text 'THANK YOU FOR YOUR ORDER'.</msg>
<status status="PASS" starttime="20230227 03:47:17.146" endtime="20230227 03:47:18.679"/>
</kw>
<kw name="Close Browser" library="SeleniumLibrary">
<doc>Closes the current browser.</doc>
<status status="PASS" starttime="20230227 03:47:18.679" endtime="20230227 03:47:22.604"/>
</kw>
<status status="PASS" starttime="20230227 03:47:14.003" endtime="20230227 03:47:22.604"/>
</kw>
<status status="PASS" starttime="20230227 03:46:40.110" endtime="20230227 03:47:22.606"/>
</test>
<test id="s1-t2" name="Processo de compra de bolsa na loja Sauce Demo" line="19">
<kw name="Dado que estou no site Saucedemo" library="pratica">
<kw name="Open Browser" library="SeleniumLibrary">
<arg>${SITE}</arg>
<arg>${BROWSER}</arg>
<doc>Opens a new browser instance to the optional ``url``.</doc>
<msg timestamp="20230227 03:47:22.609" level="INFO">Opening browser 'Chrome' to base url 'https://www.saucedemo.com/'.</msg>
<status status="PASS" starttime="20230227 03:47:22.608" endtime="20230227 03:47:24.988"/>
</kw>
<kw name="Maximize Browser Window" library="SeleniumLibrary">
<doc>Maximizes current browser window.</doc>
<status status="PASS" starttime="20230227 03:47:24.988" endtime="20230227 03:47:25.876"/>
</kw>
<kw name="Set Selenium Speed" library="SeleniumLibrary">
<arg>0.75</arg>
<doc>Sets the delay that is waited after each Selenium command.</doc>
<status status="PASS" starttime="20230227 03:47:25.876" endtime="20230227 03:47:25.876"/>
</kw>
<status status="PASS" starttime="20230227 03:47:22.608" endtime="20230227 03:47:25.876"/>
</kw>
<kw name="Quando eu faço login" library="pratica">
<kw name="Input Text" library="SeleniumLibrary">
<arg>${INPUT_USER}</arg>
<arg>${USER}</arg>
<doc>Types the given ``text`` into the text field identified by ``locator``.</doc>
<msg timestamp="20230227 03:47:25.878" level="INFO">Typing text 'standard_user' into text field 'css=#user-name'.</msg>
<status status="PASS" starttime="20230227 03:47:25.877" endtime="20230227 03:47:28.260"/>
</kw>
<kw name="Input Text" library="SeleniumLibrary">
<arg>${INPUT_PASSWORD}</arg>
<arg>${PASSWORD}</arg>
<doc>Types the given ``text`` into the text field identified by ``locator``.</doc>
<msg timestamp="20230227 03:47:28.260" level="INFO">Typing text 'secret_sauce' into text field 'css=#password'.</msg>
<status status="PASS" starttime="20230227 03:47:28.260" endtime="20230227 03:47:30.627"/>
</kw>
<kw name="Wait and Click" library="pratica">
<arg>${BUTTON_LOGIN}</arg>
<kw name="Wait Until Element Is Visible" library="SeleniumLibrary">
<arg>${ELEMENT}</arg>
<doc>Waits until the element ``locator`` is visible.</doc>
<status status="PASS" starttime="20230227 03:47:30.627" endtime="20230227 03:47:32.156"/>
</kw>
<kw name="Click Element" library="SeleniumLibrary">
<arg>${ELEMENT}</arg>
<doc>Click the element identified by ``locator``.</doc>
<msg timestamp="20230227 03:47:32.157" level="INFO">Clicking element 'css=#login-button'.</msg>
<status status="PASS" starttime="20230227 03:47:32.156" endtime="20230227 03:47:33.834"/>
</kw>
<status status="PASS" starttime="20230227 03:47:30.627" endtime="20230227 03:47:33.834"/>
</kw>
<status status="PASS" starttime="20230227 03:47:25.877" endtime="20230227 03:47:33.835"/>
</kw>
<kw name="E seleciono a bolsa e coloco no carrinho" library="pratica">
<kw name="Wait and Click" library="pratica">
<arg>${BACKPACK}</arg>
<kw name="Wait Until Element Is Visible" library="SeleniumLibrary">
<arg>${ELEMENT}</arg>
<doc>Waits until the element ``locator`` is visible.</doc>
<status status="PASS" starttime="20230227 03:47:33.839" endtime="20230227 03:47:35.379"/>
</kw>
<kw name="Click Element" library="SeleniumLibrary">
<arg>${ELEMENT}</arg>
<doc>Click the element identified by ``locator``.</doc>
<msg timestamp="20230227 03:47:35.385" level="INFO">Clicking element 'css=#item_4_title_link &gt; div'.</msg>
<status status="PASS" starttime="20230227 03:47:35.380" endtime="20230227 03:47:36.955"/>
</kw>
<status status="PASS" starttime="20230227 03:47:33.837" endtime="20230227 03:47:36.955"/>
</kw>
<kw name="Wait and Click" library="pratica">
<arg>${ADD_BACKPACK}</arg>
<kw name="Wait Until Element Is Visible" library="SeleniumLibrary">
<arg>${ELEMENT}</arg>
<doc>Waits until the element ``locator`` is visible.</doc>
<status status="PASS" starttime="20230227 03:47:36.956" endtime="20230227 03:47:38.488"/>
</kw>
<kw name="Click Element" library="SeleniumLibrary">
<arg>${ELEMENT}</arg>
<doc>Click the element identified by ``locator``.</doc>
<msg timestamp="20230227 03:47:38.489" level="INFO">Clicking element 'xpath=//*[@id="add-to-cart-sauce-labs-backpack"]'.</msg>
<status status="PASS" starttime="20230227 03:47:38.488" endtime="20230227 03:47:40.049"/>
</kw>
<status status="PASS" starttime="20230227 03:47:36.956" endtime="20230227 03:47:40.049"/>
</kw>
<status status="PASS" starttime="20230227 03:47:33.836" endtime="20230227 03:47:40.049"/>
</kw>
<kw name="E abro o carrinho e clico em Checkout" library="pratica">
<kw name="Wait and Click" library="pratica">
<arg>${CAR}</arg>
<kw name="Wait Until Element Is Visible" library="SeleniumLibrary">
<arg>${ELEMENT}</arg>
<doc>Waits until the element ``locator`` is visible.</doc>
<status status="PASS" starttime="20230227 03:47:40.050" endtime="20230227 03:47:41.577"/>
</kw>
<kw name="Click Element" library="SeleniumLibrary">
<arg>${ELEMENT}</arg>
<doc>Click the element identified by ``locator``.</doc>
<msg timestamp="20230227 03:47:41.579" level="INFO">Clicking element 'css=#shopping_cart_container &gt; a'.</msg>
<status status="PASS" starttime="20230227 03:47:41.578" endtime="20230227 03:47:43.176"/>
</kw>
<status status="PASS" starttime="20230227 03:47:40.050" endtime="20230227 03:47:43.177"/>
</kw>
<kw name="Wait and Click" library="pratica">
<arg>${CHECKOUT}</arg>
<kw name="Wait Until Element Is Visible" library="SeleniumLibrary">
<arg>${ELEMENT}</arg>
<doc>Waits until the element ``locator`` is visible.</doc>
<status status="PASS" starttime="20230227 03:47:43.179" endtime="20230227 03:47:44.731"/>
</kw>
<kw name="Click Element" library="SeleniumLibrary">
<arg>${ELEMENT}</arg>
<doc>Click the element identified by ``locator``.</doc>
<msg timestamp="20230227 03:47:44.732" level="INFO">Clicking element 'css=#checkout'.</msg>
<status status="PASS" starttime="20230227 03:47:44.731" endtime="20230227 03:47:46.302"/>
</kw>
<status status="PASS" starttime="20230227 03:47:43.177" endtime="20230227 03:47:46.302"/>
</kw>
<status status="PASS" starttime="20230227 03:47:40.049" endtime="20230227 03:47:46.302"/>
</kw>
<kw name="E adiciono os dados para checkout" library="pratica">
<kw name="Input Text" library="SeleniumLibrary">
<arg>${INPUT_NAME}</arg>
<arg>${NAME}</arg>
<doc>Types the given ``text`` into the text field identified by ``locator``.</doc>
<msg timestamp="20230227 03:47:46.306" level="INFO">Typing text 'Anna' into text field 'css=#first-name'.</msg>
<status status="PASS" starttime="20230227 03:47:46.304" endtime="20230227 03:47:48.705"/>
</kw>
<kw name="Input Text" library="SeleniumLibrary">
<arg>${INPUT_LASNAME}</arg>
<arg>${LASTNAME}</arg>
<doc>Types the given ``text`` into the text field identified by ``locator``.</doc>
<msg timestamp="20230227 03:47:48.706" level="INFO">Typing text 'Lopes' into text field 'css=#last-name'.</msg>
<status status="PASS" starttime="20230227 03:47:48.705" endtime="20230227 03:47:51.109"/>
</kw>
<kw name="Input Text" library="SeleniumLibrary">
<arg>${INPUT_ZIP}</arg>
<arg>${ZIPCODE}</arg>
<doc>Types the given ``text`` into the text field identified by ``locator``.</doc>
<msg timestamp="20230227 03:47:51.109" level="INFO">Typing text '06401120' into text field 'css=#postal-code'.</msg>
<status status="PASS" starttime="20230227 03:47:51.109" endtime="20230227 03:47:53.563"/>
</kw>
<kw name="Wait and Click" library="pratica">
<arg>${BUTTON_CONTINUE}</arg>
<kw name="Wait Until Element Is Visible" library="SeleniumLibrary">
<arg>${ELEMENT}</arg>
<doc>Waits until the element ``locator`` is visible.</doc>
<status status="PASS" starttime="20230227 03:47:53.563" endtime="20230227 03:47:55.133"/>
</kw>
<kw name="Click Element" library="SeleniumLibrary">
<arg>${ELEMENT}</arg>
<doc>Click the element identified by ``locator``.</doc>
<msg timestamp="20230227 03:47:55.139" level="INFO">Clicking element 'css=#continue'.</msg>
<status status="PASS" starttime="20230227 03:47:55.135" endtime="20230227 03:47:56.742"/>
</kw>
<status status="PASS" starttime="20230227 03:47:53.563" endtime="20230227 03:47:56.742"/>
</kw>
<status status="PASS" starttime="20230227 03:47:46.303" endtime="20230227 03:47:56.742"/>
</kw>
<kw name="Então finalizo a compra" library="pratica">
<kw name="Wait and Click" library="pratica">
<arg>${BUTTON_FINISH}</arg>
<kw name="Wait Until Element Is Visible" library="SeleniumLibrary">
<arg>${ELEMENT}</arg>
<doc>Waits until the element ``locator`` is visible.</doc>
<status status="PASS" starttime="20230227 03:47:56.744" endtime="20230227 03:47:58.284"/>
</kw>
<kw name="Click Element" library="SeleniumLibrary">
<arg>${ELEMENT}</arg>
<doc>Click the element identified by ``locator``.</doc>
<msg timestamp="20230227 03:47:58.287" level="INFO">Clicking element 'css=#finish'.</msg>
<status status="PASS" starttime="20230227 03:47:58.285" endtime="20230227 03:47:59.850"/>
</kw>
<status status="PASS" starttime="20230227 03:47:56.743" endtime="20230227 03:47:59.851"/>
</kw>
<kw name="Element Should Contain" library="SeleniumLibrary">
<arg>${VALIDATION}</arg>
<arg>${MESSAGE}</arg>
<doc>Verifies that element ``locator`` contains text ``expected``.</doc>
<msg timestamp="20230227 03:48:01.391" level="INFO">Element 'css=#checkout_complete_container &gt; h2' contains text 'THANK YOU FOR YOUR ORDER'.</msg>
<status status="PASS" starttime="20230227 03:47:59.851" endtime="20230227 03:48:01.392"/>
</kw>
<kw name="Close Browser" library="SeleniumLibrary">
<doc>Closes the current browser.</doc>
<status status="PASS" starttime="20230227 03:48:01.392" endtime="20230227 03:48:04.219"/>
</kw>
<status status="PASS" starttime="20230227 03:47:56.743" endtime="20230227 03:48:04.220"/>
</kw>
<status status="PASS" starttime="20230227 03:47:22.607" endtime="20230227 03:48:04.221"/>
</test>
<test id="s1-t3" name="Processo de ordenar os valores do menor para o maior e comprar os dois produtos menores na loja Sauce Demo" line="27">
<kw name="Dado que estou no site Saucedemo" library="pratica">
<kw name="Open Browser" library="SeleniumLibrary">
<arg>${SITE}</arg>
<arg>${BROWSER}</arg>
<doc>Opens a new browser instance to the optional ``url``.</doc>
<msg timestamp="20230227 03:48:04.226" level="INFO">Opening browser 'Chrome' to base url 'https://www.saucedemo.com/'.</msg>
<status status="PASS" starttime="20230227 03:48:04.225" endtime="20230227 03:48:06.673"/>
</kw>
<kw name="Maximize Browser Window" library="SeleniumLibrary">
<doc>Maximizes current browser window.</doc>
<status status="PASS" starttime="20230227 03:48:06.673" endtime="20230227 03:48:07.575"/>
</kw>
<kw name="Set Selenium Speed" library="SeleniumLibrary">
<arg>0.75</arg>
<doc>Sets the delay that is waited after each Selenium command.</doc>
<status status="PASS" starttime="20230227 03:48:07.575" endtime="20230227 03:48:07.575"/>
</kw>
<status status="PASS" starttime="20230227 03:48:04.224" endtime="20230227 03:48:07.575"/>
</kw>
<kw name="Quando eu faço login" library="pratica">
<kw name="Input Text" library="SeleniumLibrary">
<arg>${INPUT_USER}</arg>
<arg>${USER}</arg>
<doc>Types the given ``text`` into the text field identified by ``locator``.</doc>
<msg timestamp="20230227 03:48:07.577" level="INFO">Typing text 'standard_user' into text field 'css=#user-name'.</msg>
<status status="PASS" starttime="20230227 03:48:07.576" endtime="20230227 03:48:09.956"/>
</kw>
<kw name="Input Text" library="SeleniumLibrary">
<arg>${INPUT_PASSWORD}</arg>
<arg>${PASSWORD}</arg>
<doc>Types the given ``text`` into the text field identified by ``locator``.</doc>
<msg timestamp="20230227 03:48:09.956" level="INFO">Typing text 'secret_sauce' into text field 'css=#password'.</msg>
<status status="PASS" starttime="20230227 03:48:09.956" endtime="20230227 03:48:12.314"/>
</kw>
<kw name="Wait and Click" library="pratica">
<arg>${BUTTON_LOGIN}</arg>
<kw name="Wait Until Element Is Visible" library="SeleniumLibrary">
<arg>${ELEMENT}</arg>
<doc>Waits until the element ``locator`` is visible.</doc>
<status status="PASS" starttime="20230227 03:48:12.314" endtime="20230227 03:48:13.856"/>
</kw>
<kw name="Click Element" library="SeleniumLibrary">
<arg>${ELEMENT}</arg>
<doc>Click the element identified by ``locator``.</doc>
<msg timestamp="20230227 03:48:13.857" level="INFO">Clicking element 'css=#login-button'.</msg>
<status status="PASS" starttime="20230227 03:48:13.856" endtime="20230227 03:48:15.534"/>
</kw>
<status status="PASS" starttime="20230227 03:48:12.314" endtime="20230227 03:48:15.535"/>
</kw>
<status status="PASS" starttime="20230227 03:48:07.576" endtime="20230227 03:48:15.535"/>
</kw>
<kw name="E ordeno os produtos do menor para o maior valor e seleciono dois produtos de menor valor" library="pratica">
<kw name="Wait and Click" library="pratica">
<arg>${SORT_CONTAINER}</arg>
<kw name="Wait Until Element Is Visible" library="SeleniumLibrary">
<arg>${ELEMENT}</arg>
<doc>Waits until the element ``locator`` is visible.</doc>
<status status="PASS" starttime="20230227 03:48:15.539" endtime="20230227 03:48:17.099"/>
</kw>
<kw name="Click Element" library="SeleniumLibrary">
<arg>${ELEMENT}</arg>
<doc>Click the element identified by ``locator``.</doc>
<msg timestamp="20230227 03:48:17.099" level="INFO">Clicking element 'css=#header_container &gt; div.header_secondary_container &gt; div.right_component &gt; span &gt; select'.</msg>
<status status="PASS" starttime="20230227 03:48:17.099" endtime="20230227 03:48:18.673"/>
</kw>
<status status="PASS" starttime="20230227 03:48:15.539" endtime="20230227 03:48:18.674"/>
</kw>
<kw name="Wait and Click" library="pratica">
<arg>${ORDER_LOWTOHIGH}</arg>
<kw name="Wait Until Element Is Visible" library="SeleniumLibrary">
<arg>${ELEMENT}</arg>
<doc>Waits until the element ``locator`` is visible.</doc>
<status status="PASS" starttime="20230227 03:48:18.676" endtime="20230227 03:48:20.210"/>
</kw>
<kw name="Click Element" library="SeleniumLibrary">
<arg>${ELEMENT}</arg>
<doc>Click the element identified by ``locator``.</doc>
<msg timestamp="20230227 03:48:20.210" level="INFO">Clicking element 'css=#header_container &gt; div.header_secondary_container &gt; div.right_component &gt; span &gt; select &gt; option:nth-child(3)'.</msg>
<status status="PASS" starttime="20230227 03:48:20.210" endtime="20230227 03:48:21.811"/>
</kw>
<status status="PASS" starttime="20230227 03:48:18.674" endtime="20230227 03:48:21.811"/>
</kw>
<kw name="Wait and Click" library="pratica">
<arg>${PRODUCT1}</arg>
<kw name="Wait Until Element Is Visible" library="SeleniumLibrary">
<arg>${ELEMENT}</arg>
<doc>Waits until the element ``locator`` is visible.</doc>
<status status="PASS" starttime="20230227 03:48:21.811" endtime="20230227 03:48:23.338"/>
</kw>
<kw name="Click Element" library="SeleniumLibrary">
<arg>${ELEMENT}</arg>
<doc>Click the element identified by ``locator``.</doc>
<msg timestamp="20230227 03:48:23.339" level="INFO">Clicking element 'xpath=//*[@id="add-to-cart-sauce-labs-onesie"]'.</msg>
<status status="PASS" starttime="20230227 03:48:23.338" endtime="20230227 03:48:24.904"/>
</kw>
<status status="PASS" starttime="20230227 03:48:21.811" endtime="20230227 03:48:24.904"/>
</kw>
<kw name="Wait and Click" library="pratica">
<arg>${PRODUCT2}</arg>
<kw name="Wait Until Element Is Visible" library="SeleniumLibrary">
<arg>${ELEMENT}</arg>
<doc>Waits until the element ``locator`` is visible.</doc>
<status status="PASS" starttime="20230227 03:48:24.905" endtime="20230227 03:48:26.438"/>
</kw>
<kw name="Click Element" library="SeleniumLibrary">
<arg>${ELEMENT}</arg>
<doc>Click the element identified by ``locator``.</doc>
<msg timestamp="20230227 03:48:26.439" level="INFO">Clicking element 'xpath=//*[@id="add-to-cart-sauce-labs-bike-light"]'.</msg>
<status status="PASS" starttime="20230227 03:48:26.438" endtime="20230227 03:48:28.040"/>
</kw>
<status status="PASS" starttime="20230227 03:48:24.904" endtime="20230227 03:48:28.040"/>
</kw>
<status status="PASS" starttime="20230227 03:48:15.538" endtime="20230227 03:48:28.040"/>
</kw>
<kw name="E abro o carrinho e clico em Checkout" library="pratica">
<kw name="Wait and Click" library="pratica">
<arg>${CAR}</arg>
<kw name="Wait Until Element Is Visible" library="SeleniumLibrary">
<arg>${ELEMENT}</arg>
<doc>Waits until the element ``locator`` is visible.</doc>
<status status="PASS" starttime="20230227 03:48:28.041" endtime="20230227 03:48:29.566"/>
</kw>
<kw name="Click Element" library="SeleniumLibrary">
<arg>${ELEMENT}</arg>
<doc>Click the element identified by ``locator``.</doc>
<msg timestamp="20230227 03:48:29.569" level="INFO">Clicking element 'css=#shopping_cart_container &gt; a'.</msg>
<status status="PASS" starttime="20230227 03:48:29.567" endtime="20230227 03:48:31.164"/>
</kw>
<status status="PASS" starttime="20230227 03:48:28.041" endtime="20230227 03:48:31.165"/>
</kw>
<kw name="Wait and Click" library="pratica">
<arg>${CHECKOUT}</arg>
<kw name="Wait Until Element Is Visible" library="SeleniumLibrary">
<arg>${ELEMENT}</arg>
<doc>Waits until the element ``locator`` is visible.</doc>
<status status="PASS" starttime="20230227 03:48:31.167" endtime="20230227 03:48:32.723"/>
</kw>
<kw name="Click Element" library="SeleniumLibrary">
<arg>${ELEMENT}</arg>
<doc>Click the element identified by ``locator``.</doc>
<msg timestamp="20230227 03:48:32.726" level="INFO">Clicking element 'css=#checkout'.</msg>
<status status="PASS" starttime="20230227 03:48:32.724" endtime="20230227 03:48:34.367"/>
</kw>
<status status="PASS" starttime="20230227 03:48:31.165" endtime="20230227 03:48:34.367"/>
</kw>
<status status="PASS" starttime="20230227 03:48:28.040" endtime="20230227 03:48:34.367"/>
</kw>
<kw name="E adiciono os dados para checkout" library="pratica">
<kw name="Input Text" library="SeleniumLibrary">
<arg>${INPUT_NAME}</arg>
<arg>${NAME}</arg>
<doc>Types the given ``text`` into the text field identified by ``locator``.</doc>
<msg timestamp="20230227 03:48:34.369" level="INFO">Typing text 'Anna' into text field 'css=#first-name'.</msg>
<status status="PASS" starttime="20230227 03:48:34.368" endtime="20230227 03:48:36.780"/>
</kw>
<kw name="Input Text" library="SeleniumLibrary">
<arg>${INPUT_LASNAME}</arg>
<arg>${LASTNAME}</arg>
<doc>Types the given ``text`` into the text field identified by ``locator``.</doc>
<msg timestamp="20230227 03:48:36.785" level="INFO">Typing text 'Lopes' into text field 'css=#last-name'.</msg>
<status status="PASS" starttime="20230227 03:48:36.781" endtime="20230227 03:48:39.188"/>
</kw>
<kw name="Input Text" library="SeleniumLibrary">
<arg>${INPUT_ZIP}</arg>
<arg>${ZIPCODE}</arg>
<doc>Types the given ``text`` into the text field identified by ``locator``.</doc>
<msg timestamp="20230227 03:48:39.189" level="INFO">Typing text '06401120' into text field 'css=#postal-code'.</msg>
<status status="PASS" starttime="20230227 03:48:39.188" endtime="20230227 03:48:41.565"/>
</kw>
<kw name="Wait and Click" library="pratica">
<arg>${BUTTON_CONTINUE}</arg>
<kw name="Wait Until Element Is Visible" library="SeleniumLibrary">
<arg>${ELEMENT}</arg>
<doc>Waits until the element ``locator`` is visible.</doc>
<status status="PASS" starttime="20230227 03:48:41.565" endtime="20230227 03:48:43.104"/>
</kw>
<kw name="Click Element" library="SeleniumLibrary">
<arg>${ELEMENT}</arg>
<doc>Click the element identified by ``locator``.</doc>
<msg timestamp="20230227 03:48:43.105" level="INFO">Clicking element 'css=#continue'.</msg>
<status status="PASS" starttime="20230227 03:48:43.104" endtime="20230227 03:48:44.701"/>
</kw>
<status status="PASS" starttime="20230227 03:48:41.565" endtime="20230227 03:48:44.701"/>
</kw>
<status status="PASS" starttime="20230227 03:48:34.367" endtime="20230227 03:48:44.702"/>
</kw>
<kw name="Então finalizo a compra" library="pratica">
<kw name="Wait and Click" library="pratica">
<arg>${BUTTON_FINISH}</arg>
<kw name="Wait Until Element Is Visible" library="SeleniumLibrary">
<arg>${ELEMENT}</arg>
<doc>Waits until the element ``locator`` is visible.</doc>
<status status="PASS" starttime="20230227 03:48:44.706" endtime="20230227 03:48:46.282"/>
</kw>
<kw name="Click Element" library="SeleniumLibrary">
<arg>${ELEMENT}</arg>
<doc>Click the element identified by ``locator``.</doc>
<msg timestamp="20230227 03:48:46.283" level="INFO">Clicking element 'css=#finish'.</msg>
<status status="PASS" starttime="20230227 03:48:46.282" endtime="20230227 03:48:47.879"/>
</kw>
<status status="PASS" starttime="20230227 03:48:44.705" endtime="20230227 03:48:47.880"/>
</kw>
<kw name="Element Should Contain" library="SeleniumLibrary">
<arg>${VALIDATION}</arg>
<arg>${MESSAGE}</arg>
<doc>Verifies that element ``locator`` contains text ``expected``.</doc>
<msg timestamp="20230227 03:48:49.424" level="INFO">Element 'css=#checkout_complete_container &gt; h2' contains text 'THANK YOU FOR YOUR ORDER'.</msg>
<status status="PASS" starttime="20230227 03:48:47.880" endtime="20230227 03:48:49.424"/>
</kw>
<kw name="Close Browser" library="SeleniumLibrary">
<doc>Closes the current browser.</doc>
<status status="PASS" starttime="20230227 03:48:49.425" endtime="20230227 03:48:52.239"/>
</kw>
<status status="PASS" starttime="20230227 03:48:44.704" endtime="20230227 03:48:52.239"/>
</kw>
<status status="PASS" starttime="20230227 03:48:04.223" endtime="20230227 03:48:52.240"/>
</test>
<status status="PASS" starttime="20230227 03:46:39.818" endtime="20230227 03:48:52.242"/>
</suite>
<statistics>
<total>
<stat pass="3" fail="0" skip="0">All Tests</stat>
</total>
<tag>
</tag>
<suite>
<stat pass="3" fail="0" skip="0" id="s1" name="Pratica">Pratica</stat>
</suite>
</statistics>
<errors>
</errors>
</robot>
