<?xml version="1.0" encoding="UTF-8"?>
<robot generator="Robot 6.0.2 (Python 3.11.2 on win32)" generated="20230227 03:22:50.206" rpa="false" schemaversion="3">
<suite id="s1" name="Pratica" source="C:\Users\rmora\Desktop\Pessoal Anna\TestesAGRL\DesafioJusta\pratica.robot">
<test id="s1-t1" name="Processo de compra de camisa vermelha na loja Sauce Demo" line="11">
<kw name="Dado que estou no site Saucedemo" library="pratica">
<kw name="Open Browser" library="SeleniumLibrary">
<arg>${SITE}</arg>
<arg>${BROWSER}</arg>
<doc>Opens a new browser instance to the optional ``url``.</doc>
<msg timestamp="20230227 03:22:50.617" level="INFO">Opening browser 'Chrome' to base url 'https://www.saucedemo.com/'.</msg>
<status status="PASS" starttime="20230227 03:22:50.617" endtime="20230227 03:22:53.095"/>
</kw>
<kw name="Maximize Browser Window" library="SeleniumLibrary">
<doc>Maximizes current browser window.</doc>
<status status="PASS" starttime="20230227 03:22:53.096" endtime="20230227 03:22:53.221"/>
</kw>
<kw name="Set Selenium Speed" library="SeleniumLibrary">
<arg>0.75</arg>
<doc>Sets the delay that is waited after each Selenium command.</doc>
<status status="PASS" starttime="20230227 03:22:53.221" endtime="20230227 03:22:53.222"/>
</kw>
<status status="PASS" starttime="20230227 03:22:50.616" endtime="20230227 03:22:53.222"/>
</kw>
<kw name="Quando eu faço login" library="pratica">
<kw name="Input Text" library="SeleniumLibrary">
<arg>${INPUT_USER}</arg>
<arg>${USER}</arg>
<doc>Types the given ``text`` into the text field identified by ``locator``.</doc>
<msg timestamp="20230227 03:22:53.224" level="INFO">Typing text 'standard_user' into text field 'css=#user-name'.</msg>
<status status="PASS" starttime="20230227 03:22:53.223" endtime="20230227 03:22:55.724"/>
</kw>
<kw name="Input Text" library="SeleniumLibrary">
<arg>${INPUT_PASSWORD}</arg>
<arg>${PASSWORD}</arg>
<doc>Types the given ``text`` into the text field identified by ``locator``.</doc>
<msg timestamp="20230227 03:22:55.725" level="INFO">Typing text 'secret_sauce' into text field 'css=#password'.</msg>
<status status="PASS" starttime="20230227 03:22:55.724" endtime="20230227 03:22:58.149"/>
</kw>
<kw name="Wait and Click" library="pratica">
<arg>${BUTTON_LOGIN}</arg>
<kw name="Wait Until Element Is Visible" library="SeleniumLibrary">
<arg>${ELEMENT}</arg>
<doc>Waits until the element ``locator`` is visible.</doc>
<status status="PASS" starttime="20230227 03:22:58.149" endtime="20230227 03:22:59.943"/>
</kw>
<kw name="Click Element" library="SeleniumLibrary">
<arg>${ELEMENT}</arg>
<doc>Click the element identified by ``locator``.</doc>
<msg timestamp="20230227 03:22:59.944" level="INFO">Clicking element 'css=#login-button'.</msg>
<status status="PASS" starttime="20230227 03:22:59.943" endtime="20230227 03:23:02.067"/>
</kw>
<status status="PASS" starttime="20230227 03:22:58.149" endtime="20230227 03:23:02.067"/>
</kw>
<status status="PASS" starttime="20230227 03:22:53.222" endtime="20230227 03:23:02.067"/>
</kw>
<kw name="E seleciono a camisa vermelha e coloco no carrinho" library="pratica">
<kw name="Wait and Click" library="pratica">
<arg>${TSHIRT}</arg>
<kw name="Wait Until Element Is Visible" library="SeleniumLibrary">
<arg>${ELEMENT}</arg>
<doc>Waits until the element ``locator`` is visible.</doc>
<status status="PASS" starttime="20230227 03:23:02.141" endtime="20230227 03:23:03.756"/>
</kw>
<kw name="Click Element" library="SeleniumLibrary">
<arg>${ELEMENT}</arg>
<doc>Click the element identified by ``locator``.</doc>
<msg timestamp="20230227 03:23:03.757" level="INFO">Clicking element 'css=#item_3_title_link &gt; div'.</msg>
<status status="PASS" starttime="20230227 03:23:03.756" endtime="20230227 03:23:05.414"/>
</kw>
<status status="PASS" starttime="20230227 03:23:02.141" endtime="20230227 03:23:05.414"/>
</kw>
<kw name="Wait and Click" library="pratica">
<arg>${ADD_TSHIRT}</arg>
<kw name="Wait Until Element Is Visible" library="SeleniumLibrary">
<arg>${ELEMENT}</arg>
<doc>Waits until the element ``locator`` is visible.</doc>
<status status="PASS" starttime="20230227 03:23:05.415" endtime="20230227 03:23:06.956"/>
</kw>
<kw name="Click Element" library="SeleniumLibrary">
<arg>${ELEMENT}</arg>
<doc>Click the element identified by ``locator``.</doc>
<msg timestamp="20230227 03:23:06.958" level="INFO">Clicking element 'xpath=//*[@id="add-to-cart-test.allthethings()-t-shirt-(red)"]'.</msg>
<status status="PASS" starttime="20230227 03:23:06.956" endtime="20230227 03:23:08.516"/>
</kw>
<status status="PASS" starttime="20230227 03:23:05.414" endtime="20230227 03:23:08.516"/>
</kw>
<status status="PASS" starttime="20230227 03:23:02.140" endtime="20230227 03:23:08.516"/>
</kw>
<kw name="E abro o carrinho e clico em Checkout" library="pratica">
<kw name="Wait and Click" library="pratica">
<arg>${CAR}</arg>
<kw name="Wait Until Element Is Visible" library="SeleniumLibrary">
<arg>${ELEMENT}</arg>
<doc>Waits until the element ``locator`` is visible.</doc>
<status status="PASS" starttime="20230227 03:23:08.519" endtime="20230227 03:23:10.057"/>
</kw>
<kw name="Click Element" library="SeleniumLibrary">
<arg>${ELEMENT}</arg>
<doc>Click the element identified by ``locator``.</doc>
<msg timestamp="20230227 03:23:10.058" level="INFO">Clicking element 'css=#shopping_cart_container &gt; a'.</msg>
<status status="PASS" starttime="20230227 03:23:10.057" endtime="20230227 03:23:11.634"/>
</kw>
<status status="PASS" starttime="20230227 03:23:08.519" endtime="20230227 03:23:11.635"/>
</kw>
<kw name="Wait and Click" library="pratica">
<arg>${CHECKOUT}</arg>
<kw name="Wait Until Element Is Visible" library="SeleniumLibrary">
<arg>${ELEMENT}</arg>
<doc>Waits until the element ``locator`` is visible.</doc>
<status status="PASS" starttime="20230227 03:23:11.636" endtime="20230227 03:23:13.169"/>
</kw>
<kw name="Click Element" library="SeleniumLibrary">
<arg>${ELEMENT}</arg>
<doc>Click the element identified by ``locator``.</doc>
<msg timestamp="20230227 03:23:13.170" level="INFO">Clicking element 'css=#checkout'.</msg>
<status status="PASS" starttime="20230227 03:23:13.169" endtime="20230227 03:23:14.743"/>
</kw>
<status status="PASS" starttime="20230227 03:23:11.635" endtime="20230227 03:23:14.743"/>
</kw>
<status status="PASS" starttime="20230227 03:23:08.518" endtime="20230227 03:23:14.743"/>
</kw>
<kw name="E adiciono os dados para checkout" library="pratica">
<kw name="Input Text" library="SeleniumLibrary">
<arg>${INPUT_NAME}</arg>
<arg>${NAME}</arg>
<doc>Types the given ``text`` into the text field identified by ``locator``.</doc>
<msg timestamp="20230227 03:23:14.744" level="INFO">Typing text 'Anna' into text field 'css=#first-name'.</msg>
<status status="PASS" starttime="20230227 03:23:14.744" endtime="20230227 03:23:17.111"/>
</kw>
<kw name="Input Text" library="SeleniumLibrary">
<arg>${INPUT_LASNAME}</arg>
<arg>${LASTNAME}</arg>
<doc>Types the given ``text`` into the text field identified by ``locator``.</doc>
<msg timestamp="20230227 03:23:17.111" level="INFO">Typing text 'Lopes' into text field 'css=#last-name'.</msg>
<status status="PASS" starttime="20230227 03:23:17.111" endtime="20230227 03:23:19.481"/>
</kw>
<kw name="Input Text" library="SeleniumLibrary">
<arg>${INPUT_ZIP}</arg>
<arg>${ZIPCODE}</arg>
<doc>Types the given ``text`` into the text field identified by ``locator``.</doc>
<msg timestamp="20230227 03:23:19.481" level="INFO">Typing text '06401120' into text field 'css=#postal-code'.</msg>
<status status="PASS" starttime="20230227 03:23:19.481" endtime="20230227 03:23:21.865"/>
</kw>
<kw name="Wait and Click" library="pratica">
<arg>${BUTTON_CONTINUE}</arg>
<kw name="Wait Until Element Is Visible" library="SeleniumLibrary">
<arg>${ELEMENT}</arg>
<doc>Waits until the element ``locator`` is visible.</doc>
<status status="PASS" starttime="20230227 03:23:21.867" endtime="20230227 03:23:23.519"/>
</kw>
<kw name="Click Element" library="SeleniumLibrary">
<arg>${ELEMENT}</arg>
<doc>Click the element identified by ``locator``.</doc>
<msg timestamp="20230227 03:23:23.520" level="INFO">Clicking element 'css=#continue'.</msg>
<status status="PASS" starttime="20230227 03:23:23.519" endtime="20230227 03:23:25.211"/>
</kw>
<status status="PASS" starttime="20230227 03:23:21.866" endtime="20230227 03:23:25.212"/>
</kw>
<status status="PASS" starttime="20230227 03:23:14.743" endtime="20230227 03:23:25.212"/>
</kw>
<kw name="Então finalizo a compra" library="pratica">
<kw name="Wait and Click" library="pratica">
<arg>${BUTTON_FINISH}</arg>
<kw name="Wait Until Element Is Visible" library="SeleniumLibrary">
<arg>${ELEMENT}</arg>
<doc>Waits until the element ``locator`` is visible.</doc>
<status status="PASS" starttime="20230227 03:23:25.221" endtime="20230227 03:23:26.822"/>
</kw>
<kw name="Click Element" library="SeleniumLibrary">
<arg>${ELEMENT}</arg>
<doc>Click the element identified by ``locator``.</doc>
<msg timestamp="20230227 03:23:26.825" level="INFO">Clicking element 'css=#finish'.</msg>
<status status="PASS" starttime="20230227 03:23:26.822" endtime="20230227 03:23:28.392"/>
</kw>
<status status="PASS" starttime="20230227 03:23:25.218" endtime="20230227 03:23:28.392"/>
</kw>
<kw name="Element Should Contain" library="SeleniumLibrary">
<arg>${VALIDATION}</arg>
<arg>${MESSAGE}</arg>
<doc>Verifies that element ``locator`` contains text ``expected``.</doc>
<msg timestamp="20230227 03:23:29.936" level="INFO">Element 'css=#checkout_complete_container &gt; h2' contains text 'THANK YOU FOR YOUR ORDER'.</msg>
<status status="PASS" starttime="20230227 03:23:28.392" endtime="20230227 03:23:29.936"/>
</kw>
<status status="PASS" starttime="20230227 03:23:25.215" endtime="20230227 03:23:29.936"/>
</kw>
<status status="PASS" starttime="20230227 03:22:50.615" endtime="20230227 03:23:29.944"/>
</test>
<test id="s1-t2" name="Processo de compra de bolsa na loja Sauce Demo" line="19">
<kw name="Dado que estou no site Saucedemo" library="pratica">
<kw name="Open Browser" library="SeleniumLibrary">
<arg>${SITE}</arg>
<arg>${BROWSER}</arg>
<doc>Opens a new browser instance to the optional ``url``.</doc>
<msg timestamp="20230227 03:23:29.970" level="INFO">Opening browser 'Chrome' to base url 'https://www.saucedemo.com/'.</msg>
<status status="PASS" starttime="20230227 03:23:29.952" endtime="20230227 03:23:33.901"/>
</kw>
<kw name="Maximize Browser Window" library="SeleniumLibrary">
<doc>Maximizes current browser window.</doc>
<status status="PASS" starttime="20230227 03:23:33.901" endtime="20230227 03:23:35.043"/>
</kw>
<kw name="Set Selenium Speed" library="SeleniumLibrary">
<arg>0.75</arg>
<doc>Sets the delay that is waited after each Selenium command.</doc>
<status status="PASS" starttime="20230227 03:23:35.043" endtime="20230227 03:23:35.043"/>
</kw>
<status status="PASS" starttime="20230227 03:23:29.951" endtime="20230227 03:23:35.044"/>
</kw>
<kw name="Quando eu faço login" library="pratica">
<kw name="Input Text" library="SeleniumLibrary">
<arg>${INPUT_USER}</arg>
<arg>${USER}</arg>
<doc>Types the given ``text`` into the text field identified by ``locator``.</doc>
<msg timestamp="20230227 03:23:35.046" level="INFO">Typing text 'standard_user' into text field 'css=#user-name'.</msg>
<status status="PASS" starttime="20230227 03:23:35.045" endtime="20230227 03:23:38.241"/>
</kw>
<kw name="Input Text" library="SeleniumLibrary">
<arg>${INPUT_PASSWORD}</arg>
<arg>${PASSWORD}</arg>
<doc>Types the given ``text`` into the text field identified by ``locator``.</doc>
<msg timestamp="20230227 03:23:38.242" level="INFO">Typing text 'secret_sauce' into text field 'css=#password'.</msg>
<status status="PASS" starttime="20230227 03:23:38.241" endtime="20230227 03:23:40.676"/>
</kw>
<kw name="Wait and Click" library="pratica">
<arg>${BUTTON_LOGIN}</arg>
<kw name="Wait Until Element Is Visible" library="SeleniumLibrary">
<arg>${ELEMENT}</arg>
<doc>Waits until the element ``locator`` is visible.</doc>
<status status="PASS" starttime="20230227 03:23:40.676" endtime="20230227 03:23:42.253"/>
</kw>
<kw name="Click Element" library="SeleniumLibrary">
<arg>${ELEMENT}</arg>
<doc>Click the element identified by ``locator``.</doc>
<msg timestamp="20230227 03:23:42.254" level="INFO">Clicking element 'css=#login-button'.</msg>
<status status="PASS" starttime="20230227 03:23:42.253" endtime="20230227 03:23:44.529"/>
</kw>
<status status="PASS" starttime="20230227 03:23:40.676" endtime="20230227 03:23:44.529"/>
</kw>
<status status="PASS" starttime="20230227 03:23:35.045" endtime="20230227 03:23:44.529"/>
</kw>
<kw name="E seleciono a bolsa e coloco no carrinho" library="pratica">
<kw name="Wait and Click" library="pratica">
<arg>${BACKPACK}</arg>
<kw name="Wait Until Element Is Visible" library="SeleniumLibrary">
<arg>${ELEMENT}</arg>
<doc>Waits until the element ``locator`` is visible.</doc>
<status status="PASS" starttime="20230227 03:23:44.626" endtime="20230227 03:23:46.294"/>
</kw>
<kw name="Click Element" library="SeleniumLibrary">
<arg>${ELEMENT}</arg>
<doc>Click the element identified by ``locator``.</doc>
<msg timestamp="20230227 03:23:46.295" level="INFO">Clicking element 'css=#item_4_title_link &gt; div'.</msg>
<status status="PASS" starttime="20230227 03:23:46.294" endtime="20230227 03:23:47.893"/>
</kw>
<status status="PASS" starttime="20230227 03:23:44.626" endtime="20230227 03:23:47.893"/>
</kw>
<kw name="Wait and Click" library="pratica">
<arg>${ADD_BACKPACK}</arg>
<kw name="Wait Until Element Is Visible" library="SeleniumLibrary">
<arg>${ELEMENT}</arg>
<doc>Waits until the element ``locator`` is visible.</doc>
<status status="PASS" starttime="20230227 03:23:47.894" endtime="20230227 03:23:49.429"/>
</kw>
<kw name="Click Element" library="SeleniumLibrary">
<arg>${ELEMENT}</arg>
<doc>Click the element identified by ``locator``.</doc>
<msg timestamp="20230227 03:23:49.430" level="INFO">Clicking element 'xpath=//*[@id="add-to-cart-sauce-labs-backpack"]'.</msg>
<status status="PASS" starttime="20230227 03:23:49.429" endtime="20230227 03:23:51.013"/>
</kw>
<status status="PASS" starttime="20230227 03:23:47.893" endtime="20230227 03:23:51.013"/>
</kw>
<status status="PASS" starttime="20230227 03:23:44.625" endtime="20230227 03:23:51.013"/>
</kw>
<kw name="E abro o carrinho e clico em Checkout" library="pratica">
<kw name="Wait and Click" library="pratica">
<arg>${CAR}</arg>
<kw name="Wait Until Element Is Visible" library="SeleniumLibrary">
<arg>${ELEMENT}</arg>
<doc>Waits until the element ``locator`` is visible.</doc>
<status status="PASS" starttime="20230227 03:23:51.016" endtime="20230227 03:23:52.553"/>
</kw>
<kw name="Click Element" library="SeleniumLibrary">
<arg>${ELEMENT}</arg>
<doc>Click the element identified by ``locator``.</doc>
<msg timestamp="20230227 03:23:52.554" level="INFO">Clicking element 'css=#shopping_cart_container &gt; a'.</msg>
<status status="PASS" starttime="20230227 03:23:52.553" endtime="20230227 03:23:54.197"/>
</kw>
<status status="PASS" starttime="20230227 03:23:51.015" endtime="20230227 03:23:54.197"/>
</kw>
<kw name="Wait and Click" library="pratica">
<arg>${CHECKOUT}</arg>
<kw name="Wait Until Element Is Visible" library="SeleniumLibrary">
<arg>${ELEMENT}</arg>
<doc>Waits until the element ``locator`` is visible.</doc>
<status status="PASS" starttime="20230227 03:23:54.198" endtime="20230227 03:23:55.756"/>
</kw>
<kw name="Click Element" library="SeleniumLibrary">
<arg>${ELEMENT}</arg>
<doc>Click the element identified by ``locator``.</doc>
<msg timestamp="20230227 03:23:55.758" level="INFO">Clicking element 'css=#checkout'.</msg>
<status status="PASS" starttime="20230227 03:23:55.756" endtime="20230227 03:23:57.338"/>
</kw>
<status status="PASS" starttime="20230227 03:23:54.197" endtime="20230227 03:23:57.338"/>
</kw>
<status status="PASS" starttime="20230227 03:23:51.014" endtime="20230227 03:23:57.338"/>
</kw>
<kw name="E adiciono os dados para checkout" library="pratica">
<kw name="Input Text" library="SeleniumLibrary">
<arg>${INPUT_NAME}</arg>
<arg>${NAME}</arg>
<doc>Types the given ``text`` into the text field identified by ``locator``.</doc>
<msg timestamp="20230227 03:23:57.340" level="INFO">Typing text 'Anna' into text field 'css=#first-name'.</msg>
<status status="PASS" starttime="20230227 03:23:57.339" endtime="20230227 03:23:59.755"/>
</kw>
<kw name="Input Text" library="SeleniumLibrary">
<arg>${INPUT_LASNAME}</arg>
<arg>${LASTNAME}</arg>
<doc>Types the given ``text`` into the text field identified by ``locator``.</doc>
<msg timestamp="20230227 03:23:59.756" level="INFO">Typing text 'Lopes' into text field 'css=#last-name'.</msg>
<status status="PASS" starttime="20230227 03:23:59.755" endtime="20230227 03:24:02.174"/>
</kw>
<kw name="Input Text" library="SeleniumLibrary">
<arg>${INPUT_ZIP}</arg>
<arg>${ZIPCODE}</arg>
<doc>Types the given ``text`` into the text field identified by ``locator``.</doc>
<msg timestamp="20230227 03:24:02.178" level="INFO">Typing text '06401120' into text field 'css=#postal-code'.</msg>
<status status="PASS" starttime="20230227 03:24:02.175" endtime="20230227 03:24:04.626"/>
</kw>
<kw name="Wait and Click" library="pratica">
<arg>${BUTTON_CONTINUE}</arg>
<kw name="Wait Until Element Is Visible" library="SeleniumLibrary">
<arg>${ELEMENT}</arg>
<doc>Waits until the element ``locator`` is visible.</doc>
<status status="PASS" starttime="20230227 03:24:04.627" endtime="20230227 03:24:06.205"/>
</kw>
<kw name="Click Element" library="SeleniumLibrary">
<arg>${ELEMENT}</arg>
<doc>Click the element identified by ``locator``.</doc>
<msg timestamp="20230227 03:24:06.210" level="INFO">Clicking element 'css=#continue'.</msg>
<status status="PASS" starttime="20230227 03:24:06.206" endtime="20230227 03:24:07.830"/>
</kw>
<status status="PASS" starttime="20230227 03:24:04.626" endtime="20230227 03:24:07.830"/>
</kw>
<status status="PASS" starttime="20230227 03:23:57.339" endtime="20230227 03:24:07.830"/>
</kw>
<kw name="Então finalizo a compra" library="pratica">
<kw name="Wait and Click" library="pratica">
<arg>${BUTTON_FINISH}</arg>
<kw name="Wait Until Element Is Visible" library="SeleniumLibrary">
<arg>${ELEMENT}</arg>
<doc>Waits until the element ``locator`` is visible.</doc>
<status status="PASS" starttime="20230227 03:24:07.836" endtime="20230227 03:24:09.546"/>
</kw>
<kw name="Click Element" library="SeleniumLibrary">
<arg>${ELEMENT}</arg>
<doc>Click the element identified by ``locator``.</doc>
<msg timestamp="20230227 03:24:09.547" level="INFO">Clicking element 'css=#finish'.</msg>
<status status="PASS" starttime="20230227 03:24:09.546" endtime="20230227 03:24:11.115"/>
</kw>
<status status="PASS" starttime="20230227 03:24:07.835" endtime="20230227 03:24:11.115"/>
</kw>
<kw name="Element Should Contain" library="SeleniumLibrary">
<arg>${VALIDATION}</arg>
<arg>${MESSAGE}</arg>
<doc>Verifies that element ``locator`` contains text ``expected``.</doc>
<msg timestamp="20230227 03:24:12.707" level="INFO">Element 'css=#checkout_complete_container &gt; h2' contains text 'THANK YOU FOR YOUR ORDER'.</msg>
<status status="PASS" starttime="20230227 03:24:11.115" endtime="20230227 03:24:12.707"/>
</kw>
<status status="PASS" starttime="20230227 03:24:07.835" endtime="20230227 03:24:12.707"/>
</kw>
<status status="PASS" starttime="20230227 03:23:29.950" endtime="20230227 03:24:12.709"/>
</test>
<test id="s1-t3" name="Processo de ordenar os valores do menor para o maior e comprar os dois produtos menores na loja Sauce Demo" line="27">
<kw name="Dado que estou no site Saucedemo" library="pratica">
<kw name="Open Browser" library="SeleniumLibrary">
<arg>${SITE}</arg>
<arg>${BROWSER}</arg>
<doc>Opens a new browser instance to the optional ``url``.</doc>
<msg timestamp="20230227 03:24:12.727" level="INFO">Opening browser 'Chrome' to base url 'https://www.saucedemo.com/'.</msg>
<status status="PASS" starttime="20230227 03:24:12.725" endtime="20230227 03:24:15.569"/>
</kw>
<kw name="Maximize Browser Window" library="SeleniumLibrary">
<doc>Maximizes current browser window.</doc>
<status status="PASS" starttime="20230227 03:24:15.569" endtime="20230227 03:24:16.457"/>
</kw>
<kw name="Set Selenium Speed" library="SeleniumLibrary">
<arg>0.75</arg>
<doc>Sets the delay that is waited after each Selenium command.</doc>
<status status="PASS" starttime="20230227 03:24:16.458" endtime="20230227 03:24:16.460"/>
</kw>
<status status="PASS" starttime="20230227 03:24:12.724" endtime="20230227 03:24:16.461"/>
</kw>
<kw name="Quando eu faço login" library="pratica">
<kw name="Input Text" library="SeleniumLibrary">
<arg>${INPUT_USER}</arg>
<arg>${USER}</arg>
<doc>Types the given ``text`` into the text field identified by ``locator``.</doc>
<msg timestamp="20230227 03:24:16.474" level="INFO">Typing text 'standard_user' into text field 'css=#user-name'.</msg>
<status status="PASS" starttime="20230227 03:24:16.472" endtime="20230227 03:24:18.900"/>
</kw>
<kw name="Input Text" library="SeleniumLibrary">
<arg>${INPUT_PASSWORD}</arg>
<arg>${PASSWORD}</arg>
<doc>Types the given ``text`` into the text field identified by ``locator``.</doc>
<msg timestamp="20230227 03:24:18.901" level="INFO">Typing text 'secret_sauce' into text field 'css=#password'.</msg>
<status status="PASS" starttime="20230227 03:24:18.900" endtime="20230227 03:24:21.260"/>
</kw>
<kw name="Wait and Click" library="pratica">
<arg>${BUTTON_LOGIN}</arg>
<kw name="Wait Until Element Is Visible" library="SeleniumLibrary">
<arg>${ELEMENT}</arg>
<doc>Waits until the element ``locator`` is visible.</doc>
<status status="PASS" starttime="20230227 03:24:21.260" endtime="20230227 03:24:22.786"/>
</kw>
<kw name="Click Element" library="SeleniumLibrary">
<arg>${ELEMENT}</arg>
<doc>Click the element identified by ``locator``.</doc>
<msg timestamp="20230227 03:24:22.787" level="INFO">Clicking element 'css=#login-button'.</msg>
<status status="PASS" starttime="20230227 03:24:22.786" endtime="20230227 03:24:24.468"/>
</kw>
<status status="PASS" starttime="20230227 03:24:21.260" endtime="20230227 03:24:24.469"/>
</kw>
<status status="PASS" starttime="20230227 03:24:16.471" endtime="20230227 03:24:24.470"/>
</kw>
<kw name="E ordeno os produtos do menor para o maior valor e seleciono dois produtos de menor valor" library="pratica">
<kw name="Wait and Click" library="pratica">
<arg>${SORT_CONTAINER}</arg>
<kw name="Wait Until Element Is Visible" library="SeleniumLibrary">
<arg>${ELEMENT}</arg>
<doc>Waits until the element ``locator`` is visible.</doc>
<status status="PASS" starttime="20230227 03:24:24.474" endtime="20230227 03:24:26.089"/>
</kw>
<kw name="Click Element" library="SeleniumLibrary">
<arg>${ELEMENT}</arg>
<doc>Click the element identified by ``locator``.</doc>
<msg timestamp="20230227 03:24:26.089" level="INFO">Clicking element 'css=#header_container &gt; div.header_secondary_container &gt; div.right_component &gt; span &gt; select'.</msg>
<status status="PASS" starttime="20230227 03:24:26.089" endtime="20230227 03:24:27.753"/>
</kw>
<status status="PASS" starttime="20230227 03:24:24.472" endtime="20230227 03:24:27.756"/>
</kw>
<kw name="Wait and Click" library="pratica">
<arg>${ORDER_LOWTOHIGH}</arg>
<kw name="Wait Until Element Is Visible" library="SeleniumLibrary">
<arg>${ELEMENT}</arg>
<doc>Waits until the element ``locator`` is visible.</doc>
<status status="PASS" starttime="20230227 03:24:27.758" endtime="20230227 03:24:29.295"/>
</kw>
<kw name="Click Element" library="SeleniumLibrary">
<arg>${ELEMENT}</arg>
<doc>Click the element identified by ``locator``.</doc>
<msg timestamp="20230227 03:24:29.302" level="INFO">Clicking element 'css=#header_container &gt; div.header_secondary_container &gt; div.right_component &gt; span &gt; select &gt; option:nth-child(3)'.</msg>
<status status="PASS" starttime="20230227 03:24:29.297" endtime="20230227 03:24:30.897"/>
</kw>
<status status="PASS" starttime="20230227 03:24:27.757" endtime="20230227 03:24:30.897"/>
</kw>
<kw name="Wait and Click" library="pratica">
<arg>${PRODUCT1}</arg>
<kw name="Wait Until Element Is Visible" library="SeleniumLibrary">
<arg>${ELEMENT}</arg>
<doc>Waits until the element ``locator`` is visible.</doc>
<status status="PASS" starttime="20230227 03:24:30.898" endtime="20230227 03:24:32.429"/>
</kw>
<kw name="Click Element" library="SeleniumLibrary">
<arg>${ELEMENT}</arg>
<doc>Click the element identified by ``locator``.</doc>
<msg timestamp="20230227 03:24:32.430" level="INFO">Clicking element 'xpath=//*[@id="add-to-cart-sauce-labs-onesie"]'.</msg>
<status status="PASS" starttime="20230227 03:24:32.429" endtime="20230227 03:24:33.977"/>
</kw>
<status status="PASS" starttime="20230227 03:24:30.897" endtime="20230227 03:24:33.977"/>
</kw>
<kw name="Wait and Click" library="pratica">
<arg>${PRODUCT2}</arg>
<kw name="Wait Until Element Is Visible" library="SeleniumLibrary">
<arg>${ELEMENT}</arg>
<doc>Waits until the element ``locator`` is visible.</doc>
<status status="PASS" starttime="20230227 03:24:33.977" endtime="20230227 03:24:35.504"/>
</kw>
<kw name="Click Element" library="SeleniumLibrary">
<arg>${ELEMENT}</arg>
<doc>Click the element identified by ``locator``.</doc>
<msg timestamp="20230227 03:24:35.505" level="INFO">Clicking element 'xpath=//*[@id="add-to-cart-sauce-labs-bike-light"]'.</msg>
<status status="PASS" starttime="20230227 03:24:35.504" endtime="20230227 03:24:37.048"/>
</kw>
<status status="PASS" starttime="20230227 03:24:33.977" endtime="20230227 03:24:37.048"/>
</kw>
<status status="PASS" starttime="20230227 03:24:24.471" endtime="20230227 03:24:37.049"/>
</kw>
<kw name="E abro o carrinho e clico em Checkout" library="pratica">
<kw name="Wait and Click" library="pratica">
<arg>${CAR}</arg>
<kw name="Wait Until Element Is Visible" library="SeleniumLibrary">
<arg>${ELEMENT}</arg>
<doc>Waits until the element ``locator`` is visible.</doc>
<status status="PASS" starttime="20230227 03:24:37.053" endtime="20230227 03:24:38.598"/>
</kw>
<kw name="Click Element" library="SeleniumLibrary">
<arg>${ELEMENT}</arg>
<doc>Click the element identified by ``locator``.</doc>
<msg timestamp="20230227 03:24:38.599" level="INFO">Clicking element 'css=#shopping_cart_container &gt; a'.</msg>
<status status="PASS" starttime="20230227 03:24:38.598" endtime="20230227 03:24:40.202"/>
</kw>
<status status="PASS" starttime="20230227 03:24:37.051" endtime="20230227 03:24:40.202"/>
</kw>
<kw name="Wait and Click" library="pratica">
<arg>${CHECKOUT}</arg>
<kw name="Wait Until Element Is Visible" library="SeleniumLibrary">
<arg>${ELEMENT}</arg>
<doc>Waits until the element ``locator`` is visible.</doc>
<status status="PASS" starttime="20230227 03:24:40.204" endtime="20230227 03:24:41.737"/>
</kw>
<kw name="Click Element" library="SeleniumLibrary">
<arg>${ELEMENT}</arg>
<doc>Click the element identified by ``locator``.</doc>
<msg timestamp="20230227 03:24:41.740" level="INFO">Clicking element 'css=#checkout'.</msg>
<status status="PASS" starttime="20230227 03:24:41.738" endtime="20230227 03:24:43.312"/>
</kw>
<status status="PASS" starttime="20230227 03:24:40.202" endtime="20230227 03:24:43.313"/>
</kw>
<status status="PASS" starttime="20230227 03:24:37.050" endtime="20230227 03:24:43.313"/>
</kw>
<kw name="E adiciono os dados para checkout" library="pratica">
<kw name="Input Text" library="SeleniumLibrary">
<arg>${INPUT_NAME}</arg>
<arg>${NAME}</arg>
<doc>Types the given ``text`` into the text field identified by ``locator``.</doc>
<msg timestamp="20230227 03:24:43.320" level="INFO">Typing text 'Anna' into text field 'css=#first-name'.</msg>
<status status="PASS" starttime="20230227 03:24:43.317" endtime="20230227 03:24:45.735"/>
</kw>
<kw name="Input Text" library="SeleniumLibrary">
<arg>${INPUT_LASNAME}</arg>
<arg>${LASTNAME}</arg>
<doc>Types the given ``text`` into the text field identified by ``locator``.</doc>
<msg timestamp="20230227 03:24:45.735" level="INFO">Typing text 'Lopes' into text field 'css=#last-name'.</msg>
<status status="PASS" starttime="20230227 03:24:45.735" endtime="20230227 03:24:48.255"/>
</kw>
<kw name="Input Text" library="SeleniumLibrary">
<arg>${INPUT_ZIP}</arg>
<arg>${ZIPCODE}</arg>
<doc>Types the given ``text`` into the text field identified by ``locator``.</doc>
<msg timestamp="20230227 03:24:48.260" level="INFO">Typing text '06401120' into text field 'css=#postal-code'.</msg>
<status status="PASS" starttime="20230227 03:24:48.256" endtime="20230227 03:24:50.706"/>
</kw>
<kw name="Wait and Click" library="pratica">
<arg>${BUTTON_CONTINUE}</arg>
<kw name="Wait Until Element Is Visible" library="SeleniumLibrary">
<arg>${ELEMENT}</arg>
<doc>Waits until the element ``locator`` is visible.</doc>
<status status="PASS" starttime="20230227 03:24:50.707" endtime="20230227 03:24:52.272"/>
</kw>
<kw name="Click Element" library="SeleniumLibrary">
<arg>${ELEMENT}</arg>
<doc>Click the element identified by ``locator``.</doc>
<msg timestamp="20230227 03:24:52.275" level="INFO">Clicking element 'css=#continue'.</msg>
<status status="PASS" starttime="20230227 03:24:52.273" endtime="20230227 03:24:53.889"/>
</kw>
<status status="PASS" starttime="20230227 03:24:50.706" endtime="20230227 03:24:53.889"/>
</kw>
<status status="PASS" starttime="20230227 03:24:43.316" endtime="20230227 03:24:53.889"/>
</kw>
<kw name="Então finalizo a compra" library="pratica">
<kw name="Wait and Click" library="pratica">
<arg>${BUTTON_FINISH}</arg>
<kw name="Wait Until Element Is Visible" library="SeleniumLibrary">
<arg>${ELEMENT}</arg>
<doc>Waits until the element ``locator`` is visible.</doc>
<status status="PASS" starttime="20230227 03:24:53.891" endtime="20230227 03:24:55.468"/>
</kw>
<kw name="Click Element" library="SeleniumLibrary">
<arg>${ELEMENT}</arg>
<doc>Click the element identified by ``locator``.</doc>
<msg timestamp="20230227 03:24:55.471" level="INFO">Clicking element 'css=#finish'.</msg>
<status status="PASS" starttime="20230227 03:24:55.469" endtime="20230227 03:24:57.132"/>
</kw>
<status status="PASS" starttime="20230227 03:24:53.891" endtime="20230227 03:24:57.132"/>
</kw>
<kw name="Element Should Contain" library="SeleniumLibrary">
<arg>${VALIDATION}</arg>
<arg>${MESSAGE}</arg>
<doc>Verifies that element ``locator`` contains text ``expected``.</doc>
<msg timestamp="20230227 03:24:58.732" level="INFO">Element 'css=#checkout_complete_container &gt; h2' contains text 'THANK YOU FOR YOUR ORDER'.</msg>
<status status="PASS" starttime="20230227 03:24:57.133" endtime="20230227 03:24:58.733"/>
</kw>
<status status="PASS" starttime="20230227 03:24:53.890" endtime="20230227 03:24:58.734"/>
</kw>
<status status="PASS" starttime="20230227 03:24:12.723" endtime="20230227 03:24:58.737"/>
</test>
<status status="PASS" starttime="20230227 03:22:50.208" endtime="20230227 03:24:58.753"/>
</suite>
<statistics>
<total>
<stat pass="3" fail="0" skip="0">All Tests</stat>
</total>
<tag>
</tag>
<suite>
<stat pass="3" fail="0" skip="0" id="s1" name="Pratica">Pratica</stat>
</suite>
</statistics>
<errors>
</errors>
</robot>
